→ Processing Ictalurus_punctatus...
✔ Done: Ictalurus_punctatus

→ Processing Chanos_chanos...
✔ Done: Chanos_chanos

→ Processing Sinocyclocheilus_rhinocerous...
✔ Done: Sinocyclocheilus_rhinocerous

→ Processing Carassius_auratus...
✔ Done: Carassius_auratus

→ Processing Denticeps_clupeoides...
✔ Done: Denticeps_clupeoides

→ Processing Pygocentrus_nattereri...
✔ Done: Pygocentrus_nattereri

→ Processing Pangasianodon_hypophthalmus...
✔ Done: Pangasianodon_hypophthalmus

→ Processing Sinocyclocheilus_grahami...
✔ Done: Sinocyclocheilus_grahami

→ Processing Danio_rerio...
✔ Done: Danio_rerio

→ Processing Electrophorus_electricus...
✔ Done: Electrophorus_electricus

→ Processing Tachysurus_fulvidraco...
✔ Done: Tachysurus_fulvidraco

→ Processing Sinocyclocheilus_anshuiensis...
✔ Done: Sinocyclocheilus_anshuiensis

→ Processing Astyanax_mexicanus...
✔ Done: Astyanax_mexicanus

→ Processing Colossoma_macropomum...
✔ Done: Colossoma_macropomum

→ Processing Puntigrus_tetrazona...
✔ Done: Puntigrus_tetrazona

→ Processing Clupea_harengus...
✔ Done: Clupea_harengus

→ Processing Salarias_fasciatus...
✔ Done: Salarias_fasciatus

→ Processing Poecilia_mexicana...
✔ Done: Poecilia_mexicana

→ Processing Xiphophorus_couchianus...
✔ Done: Xiphophorus_couchianus

→ Processing Cottoperca_gobio...
✔ Done: Cottoperca_gobio

→ Processing Cyprinodon_variegatus...
✔ Done: Cyprinodon_variegatus

→ Processing Gouania_willdenowi...
✔ Done: Gouania_willdenowi

→ Processing Poecilia_reticulata...
✔ Done: Poecilia_reticulata

→ Processing Takifugu_rubripes...
✔ Done: Takifugu_rubripes

→ Processing Notothenia_coriiceps...
✔ Done: Notothenia_coriiceps

→ Processing Myripristis_murdjan...
✔ Done: Myripristis_murdjan

→ Processing Betta_splendens...
✔ Done: Betta_splendens

→ Processing Etheostoma_spectabile...
✔ Done: Etheostoma_spectabile

→ Processing Salmo_salar...
✔ Done: Salmo_salar

→ Processing Larimichthys_crocea...
✔ Done: Larimichthys_crocea

→ Processing Lates_calcarifer...
✔ Done: Lates_calcarifer

→ Processing Stegastes_partitus...
✔ Done: Stegastes_partitus

→ Processing Fundulus_heteroclitus...
✔ Done: Fundulus_heteroclitus

→ Processing Sparus_aurata...
✔ Done: Sparus_aurata

→ Processing Anarrhichthys_ocellatus...
✔ Done: Anarrhichthys_ocellatus

→ Processing Boleophthalmus_pectinirostris...
✔ Done: Boleophthalmus_pectinirostris

→ Processing Xiphophorus_maculatus...
✔ Done: Xiphophorus_maculatus

→ Processing Anabas_testudineus...
✔ Done: Anabas_testudineus

→ Processing Mastacembelus_armatus...
✔ Done: Mastacembelus_armatus

→ Processing Acanthochromis_polyacanthus...
✔ Done: Acanthochromis_polyacanthus

→ Processing Haplochromis_burtoni...
✔ Done: Haplochromis_burtoni

→ Processing Nothobranchius_furzeri...
✔ Done: Nothobranchius_furzeri

→ Processing Paralichthys_olivaceus...
✔ Done: Paralichthys_olivaceus

→ Processing Maylandia_zebra...

[WARNING] ...from traverse_loop. Loop 2 has crossed regions
[WARNING] ...from traverse_loop. Loop 2 has crossed regions

✔ Done: Maylandia_zebra

→ Processing Labrus_bergylta...
✔ Done: Labrus_bergylta

→ Processing Parambassis_ranga...
✔ Done: Parambassis_ranga

→ Processing Sander_lucioperca...
✔ Done: Sander_lucioperca

→ Processing Oryzias_latipes...
✔ Done: Oryzias_latipes

→ Processing Archocentrus_centrarchus...
✔ Done: Archocentrus_centrarchus

→ Processing Esox_lucius...
✔ Done: Esox_lucius

→ Processing Monopterus_albus...
✔ Done: Monopterus_albus

→ Processing Echeneis_naucrates...
✔ Done: Echeneis_naucrates

→ Processing Sphaeramia_orbicularis...
✔ Done: Sphaeramia_orbicularis

→ Processing Xiphophorus_hellerii...
✔ Done: Xiphophorus_hellerii

→ Processing Poecilia_latipinna...
✔ Done: Poecilia_latipinna

→ Processing Pundamilia_nyererei...
✔ Done: Pundamilia_nyererei

→ Processing Hippocampus_comes...
✔ Done: Hippocampus_comes

→ Processing Poecilia_formosa...
✔ Done: Poecilia_formosa

→ Processing Oreochromis_niloticus...
✔ Done: Oreochromis_niloticus

→ Processing Kryptolebias_marmoratus...
✔ Done: Kryptolebias_marmoratus

→ Processing Oryzias_melastigma...
✔ Done: Oryzias_melastigma

→ Processing Amphiprion_ocellaris...
✔ Done: Amphiprion_ocellaris

→ Processing Seriola_dumerili...
✔ Done: Seriola_dumerili

→ Processing Oreochromis_aureus...
✔ Done: Oreochromis_aureus

→ Processing Perca_flavescens...
✔ Done: Perca_flavescens

→ Processing Gadus_morhua...
✔ Done: Gadus_morhua

→ Processing Astatotilapia_calliptera...

[WARNING] ...from traverse_loop. Loop 22 has crossed regions
[WARNING] ...from traverse_loop. Loop 22 has crossed regions

✔ Done: Astatotilapia_calliptera

→ Processing Austrofundulus_limnaeus...
✔ Done: Austrofundulus_limnaeus

→ Processing Seriola_lalandi_dorsalis...
✔ Done: Seriola_lalandi_dorsalis

→ Processing Paramormyrops_kingsleyae...
✔ Done: Paramormyrops_kingsleyae

→ Processing Scleropages_formosus...
✔ Done: Scleropages_formosus

→ Processing Erpetoichthys_calabaricus...
✔ Done: Erpetoichthys_calabaricus

→ Processing Geotrypetes_seraphini...
✔ Done: Geotrypetes_seraphini

→ Processing Microcaecilia_unicolor...
✔ Done: Microcaecilia_unicolor

→ Processing Rhinatrema_bivittatum...
✔ Done: Rhinatrema_bivittatum

→ Processing Ambystoma_mexicanum...
✔ Done: Ambystoma_mexicanum

→ Processing Pleurodeles_waltl...
✔ Done: Pleurodeles_waltl

→ Processing Rana_temporaria...
✔ Done: Rana_temporaria

→ Processing Bufo_gargarizans...
✔ Done: Bufo_gargarizans

→ Processing Xenopus_laevis...
✔ Done: Xenopus_laevis

→ Processing Hyla_sarda...
✔ Done: Hyla_sarda

→ Processing Spea_bombifrons...
✔ Done: Spea_bombifrons

→ Processing Pyxicephalus_adspersus...
✔ Done: Pyxicephalus_adspersus

→ Processing Hyperolius_riggenbachi...
✔ Done: Hyperolius_riggenbachi

→ Processing Ranitomeya_imitator...
✔ Done: Ranitomeya_imitator

→ Processing Bufo_bufo...
✔ Done: Bufo_bufo

→ Processing Xenopus_tropicalis...
✔ Done: Xenopus_tropicalis

→ Processing Engystomops_pustulosus...
✔ Done: Engystomops_pustulosus

→ Processing Pelobates_fuscus...
✔ Done: Pelobates_fuscus

→ Processing Nanorana_parkeri...
✔ Done: Nanorana_parkeri

→ Processing Pseudophryne_corroboree...
✔ Done: Pseudophryne_corroboree

→ Processing Python_bivittatus...
✔ Done: Python_bivittatus

→ Processing Notechis_scutatus...
✔ Done: Notechis_scutatus

→ Processing Pseudonaja_textilis...
✔ Done: Pseudonaja_textilis

→ Processing Anolis_sagrei...

[WARNING] ...from traverse_loop. Loop 93 has crossed regions
[WARNING] ...from traverse_loop. Loop 93 has crossed regions

✔ Done: Anolis_sagrei

→ Processing Pituophis_catenifer_annectens...
✔ Done: Pituophis_catenifer_annectens

→ Processing Lacerta_agilis...
✔ Done: Lacerta_agilis

→ Processing Candoia_aspera...
✔ Done: Candoia_aspera

→ Processing Sphaerodactylus_townsendi...
✔ Done: Sphaerodactylus_townsendi

→ Processing Thamnophis_elegans...
✔ Done: Thamnophis_elegans

→ Processing Ahaetulla_prasina...
✔ Done: Ahaetulla_prasina

→ Processing Gekko_japonicus...

[WARNING] ...from traverse_loop. Loop 110 has crossed regions
[WARNING] ...from traverse_loop. Loop 110 has crossed regions

✔ Done: Gekko_japonicus

→ Processing Crotalus_tigris...
✔ Done: Crotalus_tigris

→ Processing Pogona_vitticeps...
✔ Done: Pogona_vitticeps

→ Processing Podarcis_raffonei...
✔ Done: Podarcis_raffonei

→ Processing Protobothrops_mucrosquamatus...
✔ Done: Protobothrops_mucrosquamatus

→ Processing Varanus_komodoensis...
✔ Done: Varanus_komodoensis

→ Processing Pantherophis_guttatus...
✔ Done: Pantherophis_guttatus

→ Processing Elgaria_multicarinata_webbii...
✔ Done: Elgaria_multicarinata_webbii

→ Processing Rhineura_floridana...
✔ Done: Rhineura_floridana

→ Processing Podarcis_muralis...
✔ Done: Podarcis_muralis

→ Processing Heteronotia_binoei...
✔ Done: Heteronotia_binoei

→ Processing Anolis_carolinensis...
✔ Done: Anolis_carolinensis

→ Processing Erythrolamprus_reginae...
✔ Done: Erythrolamprus_reginae

→ Processing Sceloporus_undulatus...
✔ Done: Sceloporus_undulatus

→ Processing Eublepharis_macularius...
✔ Done: Eublepharis_macularius

→ Processing Euleptes_europaea...
✔ Done: Euleptes_europaea

→ Processing Hemicordylus_capensis...
✔ Done: Hemicordylus_capensis

→ Processing Zootoca_vivipara...
✔ Done: Zootoca_vivipara

→ Processing Emys_orbicularis...
✔ Done: Emys_orbicularis

→ Processing Chelonoidis_abingdonii...
✔ Done: Chelonoidis_abingdonii

→ Processing Chrysemys_picta_bellii...
✔ Done: Chrysemys_picta_bellii

→ Processing Pelodiscus_sinensis...
✔ Done: Pelodiscus_sinensis

→ Processing Gopherus_evgoodei...
✔ Done: Gopherus_evgoodei

→ Processing Malaclemys_terrapin_pileata...
✔ Done: Malaclemys_terrapin_pileata

→ Processing Terrapene_triunguis...
✔ Done: Terrapene_triunguis

→ Processing Gopherus_flavomarginatus...
✔ Done: Gopherus_flavomarginatus

→ Processing Mauremys_mutica...
✔ Done: Mauremys_mutica

→ Processing Mauremys_reevesii...
✔ Done: Mauremys_reevesii

→ Processing Emydura_macquarii_macquarii...
✔ Done: Emydura_macquarii_macquarii

→ Processing Dermochelys_coriacea...
✔ Done: Dermochelys_coriacea

→ Processing Chelonia_mydas...
✔ Done: Chelonia_mydas

→ Processing Caretta_caretta...
✔ Done: Caretta_caretta

→ Processing Trachemys_scripta_elegans...
✔ Done: Trachemys_scripta_elegans

→ Processing Alligator_sinensis...
✔ Done: Alligator_sinensis

→ Processing Alligator_mississippiensis...
✔ Done: Alligator_mississippiensis

→ Processing Melopsittacus_undulatus...

[WARNING] ...from traverse_loop. Loop 35 has crossed regions
[WARNING] ...from traverse_loop. Loop 35 has crossed regions

✔ Done: Melopsittacus_undulatus

→ Processing Neopsephotus_bourkii...
✔ Done: Neopsephotus_bourkii

→ Processing Cygnus_atratus...
✔ Done: Cygnus_atratus

→ Processing Haliaeetus_leucocephalus...
✔ Done: Haliaeetus_leucocephalus

→ Processing Phalacrocorax_carbo...
✔ Done: Phalacrocorax_carbo

→ Processing Camarhynchus_parvulus...
✔ Done: Camarhynchus_parvulus

→ Processing Taeniopygia_guttata...
✔ Done: Taeniopygia_guttata

→ Processing Molothrus_aeneus...
✔ Done: Molothrus_aeneus

→ Processing Rissa_tridactyla...
✔ Done: Rissa_tridactyla

→ Processing Pezoporus_flaviventris...
✔ Done: Pezoporus_flaviventris

→ Processing Grus_americana...
✔ Done: Grus_americana

→ Processing Caloenas_nicobarica...
✔ Done: Caloenas_nicobarica

→ Processing Aythya_fuligula...
✔ Done: Aythya_fuligula

→ Processing Aquila_chrysaetos_chrysaetos...
✔ Done: Aquila_chrysaetos_chrysaetos

→ Processing Haliaeetus_albicilla...
✔ Done: Haliaeetus_albicilla

→ Processing Strigops_habroptila...
✔ Done: Strigops_habroptila

→ Processing Astur_gentilis...
✔ Done: Astur_gentilis

→ Processing Anas_acuta...
✔ Done: Anas_acuta

→ Processing Ciconia_boyciana...
✔ Done: Ciconia_boyciana

→ Processing Vidua_chalybeata...
✔ Done: Vidua_chalybeata

→ Processing Oxyura_jamaicensis...
✔ Done: Oxyura_jamaicensis

→ Processing Ammospiza_caudacuta...
✔ Done: Ammospiza_caudacuta

→ Processing Apteryx_mantelli...
✔ Done: Apteryx_mantelli

→ Processing Phaenicophaeus_curvirostris...
✔ Done: Phaenicophaeus_curvirostris

→ Processing Lonchura_striata...
✔ Done: Lonchura_striata

→ Processing Apteryx_rowi...
✔ Done: Apteryx_rowi

→ Processing Gallus_gallus...
✔ Done: Gallus_gallus

→ Processing Pezoporus_occidentalis...
✔ Done: Pezoporus_occidentalis

→ Processing Anser_cygnoides...
✔ Done: Anser_cygnoides

→ Processing Dromaius_novaehollandiae...
✔ Done: Dromaius_novaehollandiae

→ Processing Rhea_pennata...
✔ Done: Rhea_pennata

→ Processing Pezoporus_wallicus...
✔ Done: Pezoporus_wallicus

→ Processing Aphelocoma_coerulescens...
✔ Done: Aphelocoma_coerulescens

→ Processing Catharus_ustulatus...
✔ Done: Catharus_ustulatus

→ Processing Chroicocephalus_ridibundus...
✔ Done: Chroicocephalus_ridibundus

→ Processing Struthio_camelus...
✔ Done: Struthio_camelus
