→ Processing Nematostella_vectensis...
✔ Done: Nematostella_vectensis

→ Processing Actinia_tenebrosa...
✔ Done: Actinia_tenebrosa

→ Processing Pocillopora_verrucosa...
✔ Done: Pocillopora_verrucosa

→ Processing Pocillopora_damicornis...
✔ Done: Pocillopora_damicornis

→ Processing Montipora_foliosa...
✔ Done: Montipora_foliosa

→ Processing Pocillopora_meandrina...
✔ Done: Pocillopora_meandrina

→ Processing Acropora_digitifera...
✔ Done: Acropora_digitifera

→ Processing Porites_lutea...
✔ Done: Porites_lutea

→ Processing Acropora_millepora...
✔ Done: Acropora_millepora

→ Processing Porites_evermanni...
✔ Done: Porites_evermanni

→ Processing Acropora_muricata...
✔ Done: Acropora_muricata

→ Processing Exaiptasia_diaphana...
✔ Done: Exaiptasia_diaphana

→ Processing Dendronephthya_gigantea...
✔ Done: Dendronephthya_gigantea

→ Processing Xenia_sp._Carnegie-2017...
✔ Done: Xenia_sp._Carnegie-2017

→ Processing Trichinella_spiralis...
✔ Done: Trichinella_spiralis

→ Processing Brugia_malayi...
✔ Done: Brugia_malayi

→ Processing Caenorhabditis_elegans...
✔ Done: Caenorhabditis_elegans

→ Processing Caenorhabditis_nigoni...
✔ Done: Caenorhabditis_nigoni

→ Processing Caenorhabditis_briggsae...
✔ Done: Caenorhabditis_briggsae

→ Processing Caenorhabditis_brenneri...
✔ Done: Caenorhabditis_brenneri

→ Processing Caenorhabditis_sp._36_PRJEB53466...
✔ Done: Caenorhabditis_sp._36_PRJEB53466

→ Processing Caenorhabditis_angaria...
✔ Done: Caenorhabditis_angaria

→ Processing Caenorhabditis_bovis...
✔ Done: Caenorhabditis_bovis

→ Processing Caenorhabditis_auriculariae...
✔ Done: Caenorhabditis_auriculariae

→ Processing Necator_americanus...
✔ Done: Necator_americanus

→ Processing Nippostrongylus_brasiliensis...
✔ Done: Nippostrongylus_brasiliensis

→ Processing Cooperia_oncophora...
✔ Done: Cooperia_oncophora

→ Processing Haemonchus_contortus...
✔ Done: Haemonchus_contortus

→ Processing Trichostrongylus_colubriformis...
✔ Done: Trichostrongylus_colubriformis

→ Processing Dictyocaulus_viviparus...
✔ Done: Dictyocaulus_viviparus

→ Processing Cylicocyclus_nassatus...
✔ Done: Cylicocyclus_nassatus

→ Processing Angiostrongylus_cantonensis...
✔ Done: Angiostrongylus_cantonensis

→ Processing Auanema_sp._JU1783...
✔ Done: Auanema_sp._JU1783

→ Processing Diploscapter_pachys...
✔ Done: Diploscapter_pachys

→ Processing Parelaphostrongylus_tenuis...
✔ Done: Parelaphostrongylus_tenuis

→ Processing Mesorhabditis_belari...
✔ Done: Mesorhabditis_belari

→ Processing Pristionchus_entomophagus...
✔ Done: Pristionchus_entomophagus

→ Processing Mesorhabditis_spiculigera...
✔ Done: Mesorhabditis_spiculigera

→ Processing Pristionchus_pacificus...
✔ Done: Pristionchus_pacificus

→ Processing Pristionchus_mayeri...
✔ Done: Pristionchus_mayeri

→ Processing Litomosoides_sigmodontis...
✔ Done: Litomosoides_sigmodontis

→ Processing Acanthocheilonema_viteae...
✔ Done: Acanthocheilonema_viteae

→ Processing Cercopithifilaria_johnstoni...
✔ Done: Cercopithifilaria_johnstoni

→ Processing Bursaphelenchus_okinawaensis...
✔ Done: Bursaphelenchus_okinawaensis

→ Processing Brugia_pahangi...
✔ Done: Brugia_pahangi

→ Processing Onchocerca_ochengi...
✔ Done: Onchocerca_ochengi

→ Processing Ditylenchus_destructor...
✔ Done: Ditylenchus_destructor

→ Processing Bursaphelenchus_xylophilus...
✔ Done: Bursaphelenchus_xylophilus

→ Processing Thelazia_callipaeda...
✔ Done: Thelazia_callipaeda

→ Processing Toxocara_canis...

[WARNING] ...from traverse_loop. Loop 78 has crossed regions
[WARNING] ...from traverse_loop. Loop 78 has crossed regions

✔ Done: Toxocara_canis

→ Processing Aphelenchoides_avenae...
✔ Done: Aphelenchoides_avenae

→ Processing Wuchereria_bancrofti...
✔ Done: Wuchereria_bancrofti

→ Processing Dracunculus_medinensis...
✔ Done: Dracunculus_medinensis

→ Processing Steinernema_hermaphroditum...
✔ Done: Steinernema_hermaphroditum

→ Processing Dirofilaria_immitis...
✔ Done: Dirofilaria_immitis

→ Processing Anisakis_simplex...
✔ Done: Anisakis_simplex

→ Processing Enterobius_vermicularis...
✔ Done: Enterobius_vermicularis

→ Processing Globodera_pallida...

[WARNING] ...from traverse_loop. Loop 66 has crossed regions
[WARNING] ...from traverse_loop. Loop 70 has crossed regions
[WARNING] ...from traverse_loop. Loop 66 has crossed regions
[WARNING] ...from traverse_loop. Loop 70 has crossed regions

✔ Done: Globodera_pallida

→ Processing Steinernema_carpocapsae...
✔ Done: Steinernema_carpocapsae

→ Processing Priapulus_caudatus...
✔ Done: Priapulus_caudatus

→ Processing Varroa_destructor...
✔ Done: Varroa_destructor

→ Processing Ixodes_scapularis...

[WARNING] ...from traverse_loop. Loop 87 has crossed regions
[WARNING] ...from traverse_loop. Loop 87 has crossed regions

✔ Done: Ixodes_scapularis

→ Processing Galendromus_occidentalis...
✔ Done: Galendromus_occidentalis

→ Processing Limulus_polyphemus...
✔ Done: Limulus_polyphemus

→ Processing Parasteatoda_tepidariorum...
✔ Done: Parasteatoda_tepidariorum

→ Processing Tetranychus_urticae...
✔ Done: Tetranychus_urticae

→ Processing Varroa_jacobsoni...
✔ Done: Varroa_jacobsoni

→ Processing Amphibalanus_amphitrite...
✔ Done: Amphibalanus_amphitrite

→ Processing Pollicipes_pollicipes...
✔ Done: Pollicipes_pollicipes

→ Processing Lepeophtheirus_salmonis...
✔ Done: Lepeophtheirus_salmonis

→ Processing Homarus_americanus...
✔ Done: Homarus_americanus

→ Processing Cryptotermes_secundus...
✔ Done: Cryptotermes_secundus

→ Processing Melanaphis_sacchari...
✔ Done: Melanaphis_sacchari

→ Processing Sipha_flava...
✔ Done: Sipha_flava

→ Processing Pediculus_humanus_corporis...
✔ Done: Pediculus_humanus_corporis

→ Processing Diuraphis_noxia...
✔ Done: Diuraphis_noxia

→ Processing Acyrthosiphon_pisum...
✔ Done: Acyrthosiphon_pisum

→ Processing Myzus_persicae...
✔ Done: Myzus_persicae

→ Processing Halyomorpha_halys...
✔ Done: Halyomorpha_halys

→ Processing Rhopalosiphum_maidis...
✔ Done: Rhopalosiphum_maidis

→ Processing Cimex_lectularius...
✔ Done: Cimex_lectularius

→ Processing Vespa_mandarinia...
✔ Done: Vespa_mandarinia

→ Processing Zerene_cesonia...
✔ Done: Zerene_cesonia

→ Processing Pararge_aegeria...
✔ Done: Pararge_aegeria

→ Processing Maniola_hyperantus...
✔ Done: Maniola_hyperantus

→ Processing Apis_laboriosa...
✔ Done: Apis_laboriosa

→ Processing Manduca_sexta...
✔ Done: Manduca_sexta

→ Processing Odontomachus_brunneus...
✔ Done: Odontomachus_brunneus

→ Processing Ceratitis_capitata...
✔ Done: Ceratitis_capitata

→ Processing Vespula_pensylvanica...
✔ Done: Vespula_pensylvanica

→ Processing Megalopta_genalis...
✔ Done: Megalopta_genalis

→ Processing Vanessa_tameamea...
✔ Done: Vanessa_tameamea

→ Processing Bactrocera_dorsalis...
✔ Done: Bactrocera_dorsalis

→ Processing Papilio_xuthus...
✔ Done: Papilio_xuthus

→ Processing Cephus_cinctus...
✔ Done: Cephus_cinctus

→ Processing Bombus_pyrosoma...
✔ Done: Bombus_pyrosoma

→ Processing Papilio_polytes...
✔ Done: Papilio_polytes

→ Processing Vespa_velutina...
✔ Done: Vespa_velutina

→ Processing Ostrinia_furnacalis...
✔ Done: Ostrinia_furnacalis

→ Processing Cotesia_glomerata...
✔ Done: Cotesia_glomerata

→ Processing Colletes_gigas...
✔ Done: Colletes_gigas

→ Processing Vespa_crabro...
✔ Done: Vespa_crabro

→ Processing Venturia_canescens...
✔ Done: Venturia_canescens

→ Processing Danaus_plexippus...

[WARNING] ...from traverse_loop. Loop 1 has crossed regions
[WARNING] ...from traverse_loop. Loop 1 has crossed regions

✔ Done: Danaus_plexippus

→ Processing Aethina_tumida...
✔ Done: Aethina_tumida

→ Processing Drosophila_melanogaster...
✔ Done: Drosophila_melanogaster

→ Processing Polistes_fuscatus...
✔ Done: Polistes_fuscatus

→ Processing Anoplophora_glabripennis...
✔ Done: Anoplophora_glabripennis

→ Processing Acromyrmex_echinatior...
✔ Done: Acromyrmex_echinatior

→ Processing Orussus_abietinus...
✔ Done: Orussus_abietinus

→ Processing Aphidius_gifuensis...
✔ Done: Aphidius_gifuensis

→ Processing Leptopilina_heterotoma...
✔ Done: Leptopilina_heterotoma

→ Processing Schistosoma_haematobium...
✔ Done: Schistosoma_haematobium

→ Processing Schistosoma_guineensis...
✔ Done: Schistosoma_guineensis

→ Processing Schistosoma_curassoni...
✔ Done: Schistosoma_curassoni

→ Processing Schistosoma_bovis...
✔ Done: Schistosoma_bovis

→ Processing Schistosoma_margrebowiei...
✔ Done: Schistosoma_margrebowiei

→ Processing Schistosoma_intercalatum...
✔ Done: Schistosoma_intercalatum

→ Processing Schistosoma_rodhaini...
✔ Done: Schistosoma_rodhaini

→ Processing Schistosoma_japonicum...
✔ Done: Schistosoma_japonicum

→ Processing Schistosoma_turkestanicum...
✔ Done: Schistosoma_turkestanicum

→ Processing Paragonimus_westermani...
✔ Done: Paragonimus_westermani

→ Processing Taenia_crassiceps...
✔ Done: Taenia_crassiceps

→ Processing Taenia_asiatica...
✔ Done: Taenia_asiatica

→ Processing Heterobilharzia_americana...
✔ Done: Heterobilharzia_americana

→ Processing Trichobilharzia_szidati...
✔ Done: Trichobilharzia_szidati

→ Processing Trichobilharzia_regenti...
✔ Done: Trichobilharzia_regenti

→ Processing Opisthorchis_felineus...
✔ Done: Opisthorchis_felineus

→ Processing Clonorchis_sinensis...
✔ Done: Clonorchis_sinensis

→ Processing Hydatigera_taeniaeformis...
✔ Done: Hydatigera_taeniaeformis

→ Processing Taenia_solium...
✔ Done: Taenia_solium

→ Processing Echinococcus_granulosus...
✔ Done: Echinococcus_granulosus

→ Processing Rodentolepis_nana...
✔ Done: Rodentolepis_nana

→ Processing Calicophoron_daubneyi...
✔ Done: Calicophoron_daubneyi

→ Processing Fasciola_hepatica...
✔ Done: Fasciola_hepatica

→ Processing Fasciola_gigantica...
✔ Done: Fasciola_gigantica

→ Processing Fasciolopsis_buskii...
✔ Done: Fasciolopsis_buskii

→ Processing Schistosoma_mattheei...
✔ Done: Schistosoma_mattheei

→ Processing Hymenolepis_diminuta...
✔ Done: Hymenolepis_diminuta

→ Processing Paragonimus_heterotremus...
⚠️ Error: RNAfold failed for Paragonimus_heterotremus

→ Processing Dicrocoelium_dendriticum...
✔ Done: Dicrocoelium_dendriticum

→ Processing Magallana_gigas...
✔ Done: Magallana_gigas

→ Processing Mya_arenaria...
✔ Done: Mya_arenaria

→ Processing Crassostrea_virginica...
✔ Done: Crassostrea_virginica

→ Processing Mercenaria_mercenaria...
✔ Done: Mercenaria_mercenaria

→ Processing Dreissena_polymorpha...
✔ Done: Dreissena_polymorpha

→ Processing Ruditapes_philippinarum...
✔ Done: Ruditapes_philippinarum

→ Processing Mactra_antiquata...
✔ Done: Mactra_antiquata

→ Processing Mytilus_coruscus...
✔ Done: Mytilus_coruscus

→ Processing Potamilus_streckersoni...
✔ Done: Potamilus_streckersoni

→ Processing Saccostrea_echinata...
✔ Done: Saccostrea_echinata

→ Processing Mytilus_edulis...
✔ Done: Mytilus_edulis

→ Processing Mytilus_trossulus...

[WARNING] ...from traverse_loop. Loop 30 has crossed regions
[WARNING] ...from traverse_loop. Loop 30 has crossed regions

✔ Done: Mytilus_trossulus

→ Processing Pecten_maximus...
✔ Done: Pecten_maximus

→ Processing Ostrea_edulis...
✔ Done: Ostrea_edulis

→ Processing Mizuhopecten_yessoensis...
✔ Done: Mizuhopecten_yessoensis

→ Processing Saccostrea_cuccullata...
✔ Done: Saccostrea_cuccullata

→ Processing Solemya_velum...
✔ Done: Solemya_velum

→ Processing Ylistrum_balloti...
✔ Done: Ylistrum_balloti

→ Processing Magallana_angulata...
✔ Done: Magallana_angulata

→ Processing Argopecten_irradians...
✔ Done: Argopecten_irradians

→ Processing Mytilus_californianus...
✔ Done: Mytilus_californianus

→ Processing Pinctada_imbricata...
✔ Done: Pinctada_imbricata

→ Processing Sinanodonta_woodiana...
✔ Done: Sinanodonta_woodiana

→ Processing Aplysia_californica...
✔ Done: Aplysia_californica

→ Processing Gigantopelta_aegis...
✔ Done: Gigantopelta_aegis

→ Processing Haliotis_cracherodii...
✔ Done: Haliotis_cracherodii

→ Processing Haliotis_rufescens...
✔ Done: Haliotis_rufescens

→ Processing Haliotis_asinina...
✔ Done: Haliotis_asinina

→ Processing Patella_vulgata...
✔ Done: Patella_vulgata

→ Processing Patella_caerulea...
✔ Done: Patella_caerulea

→ Processing Littorina_saxatilis...
✔ Done: Littorina_saxatilis

→ Processing Batillaria_attramentaria...
✔ Done: Batillaria_attramentaria

→ Processing Lymnaea_stagnalis...
✔ Done: Lymnaea_stagnalis

→ Processing Pomacea_canaliculata...
✔ Done: Pomacea_canaliculata

→ Processing Bradybaena_similaris...
✔ Done: Bradybaena_similaris

→ Processing Elysia_crispata...
✔ Done: Elysia_crispata

→ Processing Elysia_chlorotica...
✔ Done: Elysia_chlorotica

→ Processing Bulinus_truncatus...
✔ Done: Bulinus_truncatus

→ Processing Biomphalaria_pfeifferi...
✔ Done: Biomphalaria_pfeifferi

→ Processing Biomphalaria_glabrata...
✔ Done: Biomphalaria_glabrata
