IQ-TREE multicore version 2.4.0 for Linux x86 64-bit built Feb 12 2025
Developed by Bui Quang Minh, Nguyen Lam Tung, Olga Chernomor, Heiko Schmidt,
Dominik Schrempf, Michael Woodhams, Ly Trong Nhan, Thomas Wong

Host:    artemvaska-PC (AVX2, FMA3, 31 GB RAM)
Command: iqtree -s Alignment/Actinopterygii/Actinopterygii_cds_cassette_motif_v2.aln -pre iqtree/Actinopterygii/Actinopterygii_v2 -m MFP -bb 1000 -alrt 1000 -seed 12345 -nt 16
Seed:    12345 (Using SPRNG - Scalable Parallel Random Number Generator)
Time:    Sat May 31 17:28:18 2025
Kernel:  AVX+FMA - 16 threads (16 CPU cores detected)

Reading alignment file Alignment/Actinopterygii/Actinopterygii_cds_cassette_motif_v2.aln ... Fasta format detected
Reading fasta file: done in 0.00713465 secs using 99.99% CPU
Alignment most likely contains DNA/RNA sequences
WARNING: 369 sites contain only gaps or ambiguous characters.
Alignment has 67 sequences with 13941 columns, 8095 distinct patterns
5572 parsimony-informative, 2230 singleton sites, 6139 constant sites
                               Gap/Ambiguity  Composition  p-value
Analyzing sequences: done in 0.00322166 secs using 1401% CPU
   1  Ictalurus_punctatus             63.63%    passed     20.74%
   2  Chanos_chanos                   60.66%    passed     14.36%
   3  Sinocyclocheilus_rhinocerous    61.55%    failed      0.00%
   4  Carassius_auratus               58.56%    failed      0.00%
   5  Denticeps_clupeoides            67.67%    failed      0.51%
   6  Pygocentrus_nattereri           67.29%    passed      8.53%
   7  Pangasianodon_hypophthalmus     62.15%    failed      0.86%
   8  Sinocyclocheilus_grahami        62.41%    failed      0.00%
   9  Danio_rerio                     60.48%    failed      0.00%
  10  Electrophorus_electricus        65.63%    passed      9.91%
  11  Tachysurus_fulvidraco           61.17%    passed     17.36%
  12  Sinocyclocheilus_anshuiensis    55.94%    failed      0.00%
  13  Astyanax_mexicanus              66.04%    passed     21.41%
  14  Colossoma_macropomum            67.31%    passed      9.65%
  15  Puntigrus_tetrazona             68.81%    failed      0.00%
  16  Clupea_harengus                 63.09%    failed      3.06%
  17  Salarias_fasciatus              58.75%    failed      2.49%
  18  Poecilia_mexicana               69.53%    failed      2.98%
  19  Xiphophorus_couchianus          69.74%    passed     27.60%
  20  Cottoperca_gobio                68.47%    passed     23.79%
  21  Cyprinodon_variegatus           67.84%    passed      8.59%
  22  Gouania_willdenowi              67.59%    passed     63.34%
  23  Poecilia_reticulata             69.40%    failed      3.95%
  24  Takifugu_rubripes               70.68%    passed     47.17%
  25  Notothenia_coriiceps            70.50%    passed     14.24%
  26  Myripristis_murdjan             67.81%    failed      0.88%
  27  Betta_splendens                 69.23%    passed     97.44%
  28  Etheostoma_spectabile           68.00%    passed     52.12%
  29  Salmo_salar                     60.89%    passed      9.13%
  30  Larimichthys_crocea             69.36%    passed     16.98%
  31  Lates_calcarifer                67.28%    passed     22.11%
  32  Stegastes_partitus              65.55%    passed     13.68%
  33  Fundulus_heteroclitus           68.19%    failed      0.04%
  34  Sparus_aurata                   68.73%    failed      2.25%
  35  Anarrhichthys_ocellatus         68.67%    failed      0.03%
  36  Boleophthalmus_pectinirostris   74.17%    failed      0.02%
  37  Xiphophorus_maculatus           70.40%    passed     50.88%
  38  Anabas_testudineus              68.75%    passed     65.75%
  39  Mastacembelus_armatus           69.28%    passed     86.81%
  40  Acanthochromis_polyacanthus     66.29%    passed     98.89%
  41  Haplochromis_burtoni            67.61%    passed     65.79%
  42  Nothobranchius_furzeri          69.41%    passed     99.75%
  43  Paralichthys_olivaceus          63.07%    passed     78.64%
  44  Maylandia_zebra                 67.40%    passed     58.56%
  45  Labrus_bergylta                 66.18%    passed     92.60%
  46  Parambassis_ranga               68.58%    passed     52.50%
  47  Sander_lucioperca               67.69%    passed     79.21%
  48  Oryzias_latipes                 68.95%    passed     87.82%
  49  Archocentrus_centrarchus        67.24%    passed     42.43%
  50  Esox_lucius                     66.10%    failed      0.05%
  51  Monopterus_albus                69.05%    passed     80.37%
  52  Echeneis_naucrates              69.80%    passed     82.75%
  53  Sphaeramia_orbicularis          69.27%    passed     72.37%
  54  Xiphophorus_hellerii            70.22%    passed     45.36%
  55  Poecilia_latipinna              69.36%    failed      2.12%
  56  Pundamilia_nyererei             76.04%    passed     50.44%
  57  Hippocampus_comes               66.43%    passed      9.49%
  58  Poecilia_formosa                69.40%    failed      1.17%
  59  Oreochromis_niloticus           67.29%    passed     39.22%
  60  Kryptolebias_marmoratus         67.38%    passed     31.85%
  61  Oryzias_melastigma              69.82%    passed     51.98%
  62  Amphiprion_ocellaris            66.59%    passed     89.04%
  63  Seriola_dumerili                68.38%    passed     56.77%
  64  Oreochromis_aureus              67.30%    passed     39.84%
  65  Perca_flavescens                68.55%    passed     85.99%
  66  Gadus_morhua                    62.92%    failed      0.00%
  67  Astatotilapia_calliptera        67.36%    passed     58.67%
WARNING: 67 sequences contain more than 50% gaps/ambiguity
****  TOTAL                           66.94%  21 sequences failed composition chi2 test (p-value<5%; df=3)

NOTE: Restoring information from model checkpoint file iqtree/Actinopterygii/Actinopterygii_v2.model.gz

CHECKPOINT: Initial tree restored
Perform fast likelihood tree search using GTR+I+G model...
Estimate model parameters (epsilon = 5.000)
Perform nearest neighbor interchange...
Estimate model parameters (epsilon = 1.000)
1. Initial log-likelihood: -171166.256
Optimal log-likelihood: -171165.581
Rate parameters:  A-C: 1.03622  A-G: 2.97524  A-T: 1.19840  C-G: 0.83428  C-T: 3.29086  G-T: 1.00000
Base frequencies:  A: 0.276  C: 0.224  G: 0.231  T: 0.269
Proportion of invariable sites: 0.078
Gamma shape alpha: 1.787
Parameters optimization took 1 rounds (0.149 sec)
Time for fast ML tree search: 1.960 seconds

NOTE: ModelFinder requires 206 MB RAM!
ModelFinder will test up to 484 DNA models (sample size: 13941 epsilon: 0.100) ...
 No. Model         -LnL         df  AIC          AICc         BIC
  1  GTR+F         178586.204   139 357450.407   357453.227   358498.827
  2  GTR+F+I       174562.746   140 349405.491   349408.352   350461.454
  3  GTR+F+G4      171626.342   140 343532.684   343535.545   344588.646
  4  GTR+F+I+G4    171165.356   141 342612.711   342615.613   343676.216
  5  GTR+F+R2      172058.567   141 344399.134   344402.036   345462.639
  6  GTR+F+R3      171118.042   143 342522.085   342525.070   343600.675
  7  GTR+F+R4      170968.488   145 342226.977   342230.046   343320.652
  8  GTR+F+R5      170954.788   147 342203.576   342206.730   343312.336
  9  GTR+F+R6      170953.415   149 342204.830   342208.072   343328.676
 14  GTR+F+I+R2    171483.847   142 343251.694   343254.637   344322.742
 15  GTR+F+I+R3    171016.337   144 342320.674   342323.701   343406.807
 16  GTR+F+I+R4    170956.153   146 342204.306   342207.417   343305.524
 17  GTR+F+I+R5    170954.310   148 342204.620   342207.818   343320.923
 30  SYM+R5        171295.747   144 342879.495   342882.522   343965.628
 38  SYM+I+R4      171295.677   143 342877.355   342880.340   343955.945
 52  TVM+F+R5      170959.258   146 342210.516   342213.628   343311.734
 60  TVM+F+I+R4    170960.854   145 342211.708   342214.777   343305.383
 74  TVMe+R5       171295.510   143 342877.019   342880.004   343955.609
 82  TVMe+I+R4     171295.831   142 342875.662   342878.605   343946.710
 96  TIM3+F+R5     170993.163   145 342276.327   342279.396   343370.002
104  TIM3+F+I+R4   170995.781   144 342279.561   342282.588   343365.694
118  TIM3e+R5      171432.765   142 343149.530   343152.473   344220.578
126  TIM3e+I+R4    171434.179   141 343150.357   343153.259   344213.862
140  TIM2+F+R5     170974.159   145 342238.319   342241.388   343331.994
148  TIM2+F+I+R4   170976.631   144 342241.263   342244.290   343327.396
162  TIM2e+R5      171394.771   142 343073.542   343076.485   344144.589
170  TIM2e+I+R4    171395.252   141 343072.504   343075.406   344136.009
184  TIM+F+R5      171012.261   145 342314.522   342317.591   343408.198
192  TIM+F+I+R4    171015.471   144 342318.942   342321.969   343405.075
206  TIMe+R5       171527.126   142 343338.252   343341.195   344409.299
214  TIMe+I+R4     171528.720   141 343339.440   343342.342   344402.946
228  TPM3u+F+R5    170997.081   144 342282.163   342285.190   343368.296
236  TPM3u+F+I+R4  171000.056   143 342286.112   342289.097   343364.702
250  TPM3+R5       171432.595   141 343147.189   343150.091   344210.694
258  TPM3+I+R4     171434.417   140 343148.835   343151.696   344204.797
272  TPM2u+F+R5    170979.212   144 342246.425   342249.452   343332.558
280  TPM2u+F+I+R4  170981.768   143 342249.536   342252.521   343328.127
294  TPM2+R5       171394.825   141 343071.649   343074.551   344135.154
302  TPM2+I+R4     171395.385   140 343070.770   343073.631   344126.733
316  K3Pu+F+R5     171016.884   144 342321.768   342324.795   343407.901
324  K3Pu+F+I+R4   171020.271   143 342326.541   342329.526   343405.132
338  K3P+R5        171527.221   141 343336.442   343339.343   344399.947
346  K3P+I+R4      171528.941   140 343337.882   343340.743   344393.845
360  TN+F+R5       171012.828   144 342313.655   342316.682   343399.788
368  TN+F+I+R4     171016.070   143 342318.140   342321.125   343396.730
382  TNe+R5        171531.261   141 343344.522   343347.424   344408.027
390  TNe+I+R4      171532.888   140 343345.776   343348.637   344401.739
404  HKY+F+R5      171017.624   143 342321.247   342324.232   343399.838
412  HKY+F+I+R4    171020.989   142 342325.977   342328.920   343397.025
426  K2P+R5        171531.489   140 343342.979   343345.840   344398.941
434  K2P+I+R4      171533.176   139 343344.351   343347.172   344392.771
448  F81+F+R5      174932.892   142 350149.784   350152.727   351220.831
456  F81+F+I+R4    174934.691   141 350151.382   350154.284   351214.887
470  JC+R5         175327.123   139 350932.245   350935.065   351980.665
478  JC+I+R4       175328.266   138 350932.532   350935.311   351973.409
Akaike Information Criterion:           GTR+F+R5
Corrected Akaike Information Criterion: GTR+F+R5
Bayesian Information Criterion:         TVM+F+I+R4
Best-fit model: TVM+F+I+R4 chosen according to BIC

All model information printed to iqtree/Actinopterygii/Actinopterygii_v2.model.gz
CPU time for ModelFinder: 1179.564 seconds (0h:19m:39s)
Wall-clock time for ModelFinder: 78.363 seconds (0h:1m:18s)
Generating 1000 samples for ultrafast bootstrap (seed: 12345)...

NOTE: 101 MB RAM (0 GB) is required!
Estimate model parameters (epsilon = 0.100)
1. Initial log-likelihood: -174936.273
2. Current log-likelihood: -172786.949
3. Current log-likelihood: -172483.264
4. Current log-likelihood: -172182.449
5. Current log-likelihood: -171812.219
6. Current log-likelihood: -170968.139
7. Current log-likelihood: -170960.462
Optimal log-likelihood: -170960.367
Rate parameters:  A-C: 1.06474  A-G: 3.16769  A-T: 1.21230  C-G: 0.85766  C-T: 3.16769  G-T: 1.00000
Base frequencies:  A: 0.276  C: 0.224  G: 0.231  T: 0.269
Proportion of invariable sites: 0.056
Site proportion and rates:  (0.103,0.097) (0.216,0.488) (0.439,1.078) (0.186,2.208)
Parameters optimization took 7 rounds (2.973 sec)
Wrote distance file to... 
Computing ML distances based on estimated model parameters...
Calculating distance matrix: done in 0.00912205 secs using 1486% CPU
Computing ML distances took 0.010748 sec (of wall-clock time) 0.153629 sec (of CPU time)
Setting up auxiliary I and S matrices: done in 0.000870816 secs using 98.18% CPU
Computing RapidNJ tree took 0.063792 sec (of wall-clock time) 0.006492 sec (of CPU time)
Log-likelihood of RapidNJ tree: -171491.867
--------------------------------------------------------------------
|             INITIALIZING CANDIDATE TREE SET                      |
--------------------------------------------------------------------
Generating 98 parsimony trees... 5.996 second
Computing log-likelihood of 98 initial trees ... 2.814 seconds
Current best score: -170960.367

Do NNI search on 20 best initial trees
Estimate model parameters (epsilon = 0.100)
BETTER TREE FOUND at iteration 1: -170960.053
Iteration 10 / LogL: -170960.158 / Time: 0h:1m:38s
Iteration 20 / LogL: -171021.819 / Time: 0h:1m:46s
Finish initializing candidate tree set (3)
Current best tree score: -170960.053 / CPU time: 24.946
Number of iterations: 20
--------------------------------------------------------------------
|               OPTIMIZING CANDIDATE TREE SET                      |
--------------------------------------------------------------------
Iteration 30 / LogL: -170961.396 / Time: 0h:1m:50s (0h:1m:18s left)
Iteration 40 / LogL: -170960.332 / Time: 0h:1m:55s (0h:0m:58s left)
Iteration 50 / LogL: -171023.821 / Time: 0h:1m:59s (0h:0m:42s left)
Log-likelihood cutoff on original alignment: -171016.448
Iteration 60 / LogL: -170974.011 / Time: 0h:2m:3s (0h:0m:31s left)
Iteration 70 / LogL: -170960.082 / Time: 0h:2m:8s (0h:0m:22s left)
Iteration 80 / LogL: -170960.334 / Time: 0h:2m:12s (0h:0m:14s left)
Iteration 90 / LogL: -170960.847 / Time: 0h:2m:16s (0h:0m:7s left)
Iteration 100 / LogL: -170960.365 / Time: 0h:2m:21s (0h:0m:0s left)
Log-likelihood cutoff on original alignment: -171012.600
NOTE: Bootstrap correlation coefficient of split occurrence frequencies: 0.999
TREE SEARCH COMPLETED AFTER 102 ITERATIONS / Time: 0h:2m:22s

--------------------------------------------------------------------
|                    FINALIZING TREE SEARCH                        |
--------------------------------------------------------------------
Performs final model parameters optimization
Estimate model parameters (epsilon = 0.010)
1. Initial log-likelihood: -170960.053
2. Current log-likelihood: -170960.032
Optimal log-likelihood: -170960.023
Rate parameters:  A-C: 1.06057  A-G: 3.14942  A-T: 1.19790  C-G: 0.84937  C-T: 3.14942  G-T: 1.00000
Base frequencies:  A: 0.276  C: 0.224  G: 0.231  T: 0.269
Proportion of invariable sites: 0.056
Site proportion and rates:  (0.103,0.097) (0.216,0.488) (0.439,1.078) (0.186,2.209)
Parameters optimization took 2 rounds (0.220 sec)
BEST SCORE FOUND : -170960.023

Testing tree branches by SH-like aLRT with 1000 replicates...
1.053 sec.
Creating bootstrap support values...
Split supports printed to NEXUS file iqtree/Actinopterygii/Actinopterygii_v2.splits.nex
Total tree length: 15.199

Total number of iterations: 102
CPU time used for tree search: 896.473 sec (0h:14m:56s)
Wall-clock time used for tree search: 60.954 sec (0h:1m:0s)
Total CPU time used: 2144.206 sec (0h:35m:44s)
Total wall-clock time used: 144.064 sec (0h:2m:24s)

Computing bootstrap consensus tree...
Reading input file iqtree/Actinopterygii/Actinopterygii_v2.splits.nex...
67 taxa and 209 splits.
Consensus tree written to iqtree/Actinopterygii/Actinopterygii_v2.contree
Reading input trees file iqtree/Actinopterygii/Actinopterygii_v2.contree
Log-likelihood of consensus tree: -170960.023

Analysis results written to: 
  IQ-TREE report:                iqtree/Actinopterygii/Actinopterygii_v2.iqtree
  Maximum-likelihood tree:       iqtree/Actinopterygii/Actinopterygii_v2.treefile
  Likelihood distances:          iqtree/Actinopterygii/Actinopterygii_v2.mldist

Ultrafast bootstrap approximation results written to:
  Split support values:          iqtree/Actinopterygii/Actinopterygii_v2.splits.nex
  Consensus tree:                iqtree/Actinopterygii/Actinopterygii_v2.contree
  Screen log file:               iqtree/Actinopterygii/Actinopterygii_v2.log

Date and Time: Sat May 31 17:30:42 2025
