IQ-TREE multicore version 2.4.0 for Linux x86 64-bit built Feb 12 2025
Developed by Bui Quang Minh, Nguyen Lam Tung, Olga Chernomor, Heiko Schmidt,
Dominik Schrempf, Michael Woodhams, Ly Trong Nhan, Thomas Wong

Host:    artemvaska-PC (AVX2, FMA3, 31 GB RAM)
Command: iqtree -s alignment/Actinopterygii/Actinopterygii_cds_cassette_motif_v3.aln -pre iqtree/Actinopterygii_v4/Actinopterygii -m MFP -bb 1000 -seed 12345 -nt 16 -redo
Seed:    12345 (Using SPRNG - Scalable Parallel Random Number Generator)
Time:    Sun Jun 15 18:01:33 2025
Kernel:  AVX+FMA - 16 threads (16 CPU cores detected)

Reading alignment file alignment/Actinopterygii/Actinopterygii_cds_cassette_motif_v3.aln ... Fasta format detected
Reading fasta file: done in 0.00675117 secs using 97.06% CPU
Alignment most likely contains DNA/RNA sequences
WARNING: 369 sites contain only gaps or ambiguous characters.
Alignment has 67 sequences with 13941 columns, 8095 distinct patterns
5572 parsimony-informative, 2230 singleton sites, 6139 constant sites
                                  Gap/Ambiguity  Composition  p-value
Analyzing sequences: done in 0.000476976 secs using 2766% CPU
   1  Ictalurus_punctatus|46             63.63%    passed     20.74%
   2  Chanos_chanos|1                    60.66%    passed     14.36%
   3  Sinocyclocheilus_rhinocerous|154   61.55%    failed      0.00%
   4  Carassius_auratus|148              58.56%    failed      0.00%
   5  Denticeps_clupeoides|7             67.67%    failed      0.51%
   6  Pygocentrus_nattereri|46           67.29%    passed      8.53%
   7  Pangasianodon_hypophthalmus|46     62.15%    failed      0.86%
   8  Sinocyclocheilus_grahami|148       62.41%    failed      0.00%
   9  Danio_rerio|1                      60.48%    failed      0.00%
  10  Electrophorus_electricus|283       65.63%    passed      9.91%
  11  Tachysurus_fulvidraco|46           61.17%    passed     17.36%
  12  Sinocyclocheilus_anshuiensis|154   55.94%    failed      0.00%
  13  Astyanax_mexicanus|46              66.04%    passed     21.41%
  14  Colossoma_macropomum|46            67.31%    passed      9.65%
  15  Puntigrus_tetrazona|25             68.81%    failed      0.00%
  16  Clupea_harengus|22                 63.09%    failed      3.06%
  17  Salarias_fasciatus|22              58.75%    failed      2.49%
  18  Poecilia_mexicana|22               69.53%    failed      2.98%
  19  Xiphophorus_couchianus|22          69.74%    passed     27.60%
  20  Cottoperca_gobio|16                68.47%    passed     23.79%
  21  Cyprinodon_variegatus|28           67.84%    passed      8.59%
  22  Gouania_willdenowi|37              67.59%    passed     63.34%
  23  Poecilia_reticulata|22             69.40%    failed      3.95%
  24  Takifugu_rubripes|22               70.68%    passed     47.17%
  25  Notothenia_coriiceps|22            70.50%    passed     14.24%
  26  Myripristis_murdjan|112            67.81%    failed      0.88%
  27  Betta_splendens|22                 69.23%    passed     97.44%
  28  Etheostoma_spectabile|97           68.00%    passed     52.12%
  29  Salmo_salar|67                     60.89%    passed      9.13%
  30  Larimichthys_crocea|22             69.36%    passed     16.98%
  31  Lates_calcarifer|22                67.28%    passed     22.11%
  32  Stegastes_partitus|22              65.55%    passed     13.68%
  33  Fundulus_heteroclitus|25           68.19%    failed      0.04%
  34  Sparus_aurata|22                   68.73%    failed      2.25%
  35  Anarrhichthys_ocellatus|22         68.67%    failed      0.03%
  36  Boleophthalmus_pectinirostris|22   74.17%    failed      0.02%
  37  Xiphophorus_maculatus|22           70.40%    passed     50.88%
  38  Anabas_testudineus|22              68.75%    passed     65.75%
  39  Mastacembelus_armatus|64           69.28%    passed     86.81%
  40  Acanthochromis_polyacanthus|22     66.29%    passed     98.89%
  41  Haplochromis_burtoni|31            67.61%    passed     65.79%
  42  Nothobranchius_furzeri|22          69.41%    passed     99.75%
  43  Paralichthys_olivaceus|22          63.07%    passed     78.64%
  44  Maylandia_zebra|22                 67.40%    passed     58.56%
  45  Labrus_bergylta|10                 66.18%    passed     92.60%
  46  Parambassis_ranga|22               68.58%    passed     52.50%
  47  Sander_lucioperca|22               67.69%    passed     79.21%
  48  Oryzias_latipes|40                 68.95%    passed     87.82%
  49  Archocentrus_centrarchus|22        67.24%    passed     42.43%
  50  Esox_lucius|22                     66.10%    failed      0.05%
  51  Monopterus_albus|22                69.05%    passed     80.37%
  52  Echeneis_naucrates|22              69.80%    passed     82.75%
  53  Sphaeramia_orbicularis|43          69.27%    passed     72.37%
  54  Xiphophorus_hellerii|22            70.22%    passed     45.36%
  55  Poecilia_latipinna|22              69.36%    failed      2.12%
  56  Pundamilia_nyererei|22             76.04%    passed     50.44%
  57  Hippocampus_comes|22               66.43%    passed      9.49%
  58  Poecilia_formosa|22                69.40%    failed      1.17%
  59  Oreochromis_niloticus|22           67.29%    passed     39.22%
  60  Kryptolebias_marmoratus|22         67.38%    passed     31.85%
  61  Oryzias_melastigma|22              69.82%    passed     51.98%
  62  Amphiprion_ocellaris|22            66.59%    passed     89.04%
  63  Seriola_dumerili|22                68.38%    passed     56.77%
  64  Oreochromis_aureus|22              67.30%    passed     39.84%
  65  Perca_flavescens|58                68.55%    passed     85.99%
  66  Gadus_morhua|67                    62.92%    failed      0.00%
  67  Astatotilapia_calliptera|31        67.36%    passed     58.67%
WARNING: 67 sequences contain more than 50% gaps/ambiguity
****  TOTAL                              66.94%  21 sequences failed composition chi2 test (p-value<5%; df=3)


Create initial parsimony tree by phylogenetic likelihood library (PLL)... 0.024 seconds
Perform fast likelihood tree search using GTR+I+G model...
Estimate model parameters (epsilon = 5.000)
Perform nearest neighbor interchange...
Estimate model parameters (epsilon = 1.000)
1. Initial log-likelihood: -171166.256
Optimal log-likelihood: -171165.581
Rate parameters:  A-C: 1.03622  A-G: 2.97524  A-T: 1.19840  C-G: 0.83428  C-T: 3.29086  G-T: 1.00000
Base frequencies:  A: 0.276  C: 0.224  G: 0.231  T: 0.269
Proportion of invariable sites: 0.078
Gamma shape alpha: 1.787
Parameters optimization took 1 rounds (0.131 sec)
Time for fast ML tree search: 1.829 seconds

NOTE: ModelFinder requires 206 MB RAM!
ModelFinder will test up to 484 DNA models (sample size: 13941 epsilon: 0.100) ...
 No. Model         -LnL         df  AIC          AICc         BIC
  1  GTR+F         178586.204   139 357450.407   357453.227   358498.827
  2  GTR+F+I       174562.746   140 349405.491   349408.352   350461.454
  3  GTR+F+G4      171626.340   140 343532.681   343535.542   344588.644
  4  GTR+F+I+G4    171165.356   141 342612.711   342615.613   343676.216
  5  GTR+F+R2      172058.567   141 344399.134   344402.036   345462.639
  6  GTR+F+R3      171118.048   143 342522.096   342525.081   343600.686
  7  GTR+F+R4      170968.489   145 342226.978   342230.047   343320.653
  8  GTR+F+R5      170954.763   147 342203.526   342206.680   343312.286
  9  GTR+F+R6      170953.406   149 342204.812   342208.053   343328.657
 14  GTR+F+I+R2    171483.847   142 343251.695   343254.638   344322.742
 15  GTR+F+I+R3    171016.336   144 342320.673   342323.700   343406.806
 16  GTR+F+I+R4    170956.149   146 342204.299   342207.410   343305.517
 17  GTR+F+I+R5    170954.305   148 342204.611   342207.808   343320.914
 30  SYM+R5        171295.721   144 342879.441   342882.468   343965.574
 38  SYM+I+R4      171295.673   143 342877.345   342880.330   343955.935
 52  TVM+F+R5      170959.237   146 342210.474   342213.586   343311.692
 60  TVM+F+I+R4    170960.849   145 342211.697   342214.766   343305.373
 74  TVMe+R5       171295.489   143 342876.979   342879.964   343955.569
 82  TVMe+I+R4     171295.829   142 342875.657   342878.600   343946.705
 96  TIM3+F+R5     170993.147   145 342276.294   342279.363   343369.969
104  TIM3+F+I+R4   170995.777   144 342279.554   342282.581   343365.686
118  TIM3e+R5      171432.754   142 343149.508   343152.451   344220.556
126  TIM3e+I+R4    171434.177   141 343150.354   343153.256   344213.859
140  TIM2+F+R5     170974.153   145 342238.307   342241.376   343331.982
148  TIM2+F+I+R4   170976.626   144 342241.251   342244.278   343327.384
162  TIM2e+R5      171394.769   142 343073.537   343076.481   344144.585
170  TIM2e+I+R4    171395.249   141 343072.499   343075.401   344136.004
184  TIM+F+R5      171012.221   145 342314.442   342317.511   343408.118
192  TIM+F+I+R4    171015.473   144 342318.946   342321.973   343405.079
206  TIMe+R5       171527.105   142 343338.211   343341.154   344409.258
214  TIMe+I+R4     171528.725   141 343339.450   343342.352   344402.955
228  TPM3u+F+R5    170997.054   144 342282.108   342285.135   343368.241
236  TPM3u+F+I+R4  171000.062   143 342286.124   342289.109   343364.715
250  TPM3+R5       171432.574   141 343147.148   343150.050   344210.653
258  TPM3+I+R4     171434.420   140 343148.841   343151.701   344204.803
272  TPM2u+F+R5    170979.201   144 342246.402   342249.429   343332.535
280  TPM2u+F+I+R4  170981.778   143 342249.557   342252.542   343328.147
294  TPM2+R5       171394.821   141 343071.643   343074.545   344135.148
302  TPM2+I+R4     171395.393   140 343070.785   343073.646   344126.748
316  K3Pu+F+R5     171016.868   144 342321.736   342324.763   343407.869
324  K3Pu+F+I+R4   171020.279   143 342326.558   342329.543   343405.148
338  K3P+R5        171527.213   141 343336.426   343339.328   344399.931
346  K3P+I+R4      171528.945   140 343337.891   343340.752   344393.853
360  TN+F+R5       171012.820   144 342313.640   342316.667   343399.773
368  TN+F+I+R4     171016.077   143 342318.154   342321.139   343396.745
382  TNe+R5        171531.255   141 343344.511   343347.413   344408.016
390  TNe+I+R4      171532.893   140 343345.786   343348.647   344401.749
404  HKY+F+R5      171017.622   143 342321.244   342324.229   343399.834
412  HKY+F+I+R4    171020.995   142 342325.989   342328.932   343397.037
426  K2P+R5        171531.489   140 343342.978   343345.839   344398.941
434  K2P+I+R4      171533.179   139 343344.359   343347.179   344392.779
448  F81+F+R5      174932.887   142 350149.773   350152.717   351220.821
456  F81+F+I+R4    174934.696   141 350151.392   350154.294   351214.897
470  JC+R5         175327.117   139 350932.235   350935.055   351980.655
478  JC+I+R4       175328.269   138 350932.538   350935.318   351973.416
Akaike Information Criterion:           GTR+F+R5
Corrected Akaike Information Criterion: GTR+F+R5
Bayesian Information Criterion:         TVM+F+I+R4
Best-fit model: TVM+F+I+R4 chosen according to BIC

All model information printed to iqtree/Actinopterygii_v4/Actinopterygii.model.gz
CPU time for ModelFinder: 1011.839 seconds (0h:16m:51s)
Wall-clock time for ModelFinder: 64.696 seconds (0h:1m:4s)
Generating 1000 samples for ultrafast bootstrap (seed: 12345)...

NOTE: 101 MB RAM (0 GB) is required!
Estimate model parameters (epsilon = 0.100)
1. Initial log-likelihood: -174936.278
2. Current log-likelihood: -172869.006
3. Current log-likelihood: -172612.726
4. Current log-likelihood: -170979.794
5. Current log-likelihood: -170960.621
6. Current log-likelihood: -170960.329
Optimal log-likelihood: -170960.320
Rate parameters:  A-C: 1.05971  A-G: 3.15565  A-T: 1.20497  C-G: 0.85218  C-T: 3.15565  G-T: 1.00000
Base frequencies:  A: 0.276  C: 0.224  G: 0.231  T: 0.269
Proportion of invariable sites: 0.056
Site proportion and rates:  (0.103,0.098) (0.216,0.489) (0.439,1.079) (0.186,2.208)
Parameters optimization took 6 rounds (2.112 sec)
Wrote distance file to... 
Computing ML distances based on estimated model parameters...
Calculating distance matrix: done in 0.00421251 secs using 1693% CPU
Computing ML distances took 0.004827 sec (of wall-clock time) 0.086893 sec (of CPU time)
Setting up auxiliary I and S matrices: done in 0.000814444 secs using 90% CPU
Computing RapidNJ tree took 0.061282 sec (of wall-clock time) 0.027202 sec (of CPU time)
Log-likelihood of RapidNJ tree: -171491.922
--------------------------------------------------------------------
|             INITIALIZING CANDIDATE TREE SET                      |
--------------------------------------------------------------------
Generating 98 parsimony trees... 4.783 second
Computing log-likelihood of 98 initial trees ... 2.188 seconds
Current best score: -170960.320

Do NNI search on 20 best initial trees
Estimate model parameters (epsilon = 0.100)
BETTER TREE FOUND at iteration 1: -170960.021
Iteration 10 / LogL: -170960.127 / Time: 0h:1m:20s
Iteration 20 / LogL: -171021.760 / Time: 0h:1m:27s
Finish initializing candidate tree set (3)
Current best tree score: -170960.021 / CPU time: 20.610
Number of iterations: 20
--------------------------------------------------------------------
|               OPTIMIZING CANDIDATE TREE SET                      |
--------------------------------------------------------------------
Iteration 30 / LogL: -170961.366 / Time: 0h:1m:31s (0h:1m:5s left)
Iteration 40 / LogL: -170960.597 / Time: 0h:1m:35s (0h:0m:47s left)
Iteration 50 / LogL: -170960.027 / Time: 0h:1m:38s (0h:0m:35s left)
Log-likelihood cutoff on original alignment: -171016.371
Iteration 60 / LogL: -170960.469 / Time: 0h:1m:42s (0h:0m:26s left)
Iteration 70 / LogL: -170960.124 / Time: 0h:1m:46s (0h:0m:18s left)
Iteration 80 / LogL: -170960.045 / Time: 0h:1m:49s (0h:0m:12s left)
Iteration 90 / LogL: -170961.178 / Time: 0h:1m:53s (0h:0m:6s left)
Iteration 100 / LogL: -170970.589 / Time: 0h:1m:57s (0h:0m:0s left)
Log-likelihood cutoff on original alignment: -171016.371
NOTE: Bootstrap correlation coefficient of split occurrence frequencies: 0.999
TREE SEARCH COMPLETED AFTER 102 ITERATIONS / Time: 0h:1m:58s

--------------------------------------------------------------------
|                    FINALIZING TREE SEARCH                        |
--------------------------------------------------------------------
Performs final model parameters optimization
Estimate model parameters (epsilon = 0.010)
1. Initial log-likelihood: -170960.021
Optimal log-likelihood: -170960.019
Rate parameters:  A-C: 1.05965  A-G: 3.15334  A-T: 1.20369  C-G: 0.85112  C-T: 3.15334  G-T: 1.00000
Base frequencies:  A: 0.276  C: 0.224  G: 0.231  T: 0.269
Proportion of invariable sites: 0.056
Site proportion and rates:  (0.103,0.098) (0.216,0.489) (0.439,1.079) (0.186,2.208)
Parameters optimization took 1 rounds (0.106 sec)
BEST SCORE FOUND : -170960.019
Creating bootstrap support values...
Split supports printed to NEXUS file iqtree/Actinopterygii_v4/Actinopterygii.splits.nex
Total tree length: 15.199

Total number of iterations: 102
CPU time used for tree search: 761.905 sec (0h:12m:41s)
Wall-clock time used for tree search: 50.825 sec (0h:0m:50s)
Total CPU time used: 1811.697 sec (0h:30m:11s)
Total wall-clock time used: 118.216 sec (0h:1m:58s)

Computing bootstrap consensus tree...
Reading input file iqtree/Actinopterygii_v4/Actinopterygii.splits.nex...
67 taxa and 207 splits.
Consensus tree written to iqtree/Actinopterygii_v4/Actinopterygii.contree
Reading input trees file iqtree/Actinopterygii_v4/Actinopterygii.contree
Log-likelihood of consensus tree: -170960.019

Analysis results written to: 
  IQ-TREE report:                iqtree/Actinopterygii_v4/Actinopterygii.iqtree
  Maximum-likelihood tree:       iqtree/Actinopterygii_v4/Actinopterygii.treefile
  Likelihood distances:          iqtree/Actinopterygii_v4/Actinopterygii.mldist

Ultrafast bootstrap approximation results written to:
  Split support values:          iqtree/Actinopterygii_v4/Actinopterygii.splits.nex
  Consensus tree:                iqtree/Actinopterygii_v4/Actinopterygii.contree
  Screen log file:               iqtree/Actinopterygii_v4/Actinopterygii.log

Date and Time: Sun Jun 15 18:03:32 2025
